{"level":"info","message":"MongoDB connection established","timestamp":"2025-05-10T14:20:46.152Z"}
{"isOperational":true,"level":"error","message":"Incorrect email or password","stack":"Error: Incorrect email or password\n    at D:\\nqt 5\\viuuu\\Backend\\controllers\\authController.js:154:17","status":"error","statusCode":401,"timestamp":"2025-05-10T14:22:11.184Z"}
{"isOperational":true,"level":"error","message":"Incorrect email or password","stack":"Error: Incorrect email or password\n    at D:\\nqt 5\\viuuu\\Backend\\controllers\\authController.js:154:17","status":"error","statusCode":401,"timestamp":"2025-05-10T14:22:13.698Z"}
{"isOperational":true,"level":"error","message":"Incorrect email or password","stack":"Error: Incorrect email or password\n    at D:\\nqt 5\\viuuu\\Backend\\controllers\\authController.js:154:17","status":"error","statusCode":401,"timestamp":"2025-05-10T14:38:28.618Z"}
{"level":"info","message":"MongoDB connection established","timestamp":"2025-05-10T14:41:37.315Z"}
{"level":"info","message":"MongoDB connection established","timestamp":"2025-05-10T14:41:49.433Z"}
{"isOperational":true,"level":"error","message":"Incorrect email or password","stack":"Error: Incorrect email or password\n    at D:\\nqt 5\\viuuu\\Backend\\controllers\\authController.js:154:17","status":"error","statusCode":401,"timestamp":"2025-05-10T15:01:04.358Z"}
{"level":"info","message":"MongoDB connection established","timestamp":"2025-05-10T15:06:05.688Z"}
{"isOperational":true,"level":"error","message":"Incorrect email or password","stack":"Error: Incorrect email or password\n    at D:\\nqt 5\\viuuu\\Backend\\controllers\\authController.js:154:17","status":"error","statusCode":401,"timestamp":"2025-05-10T15:25:20.979Z"}
{"isOperational":true,"level":"error","message":"Invalid status provided. Must be \"accepted\" or \"rejected\".","stack":"Error: Invalid status provided. Must be \"accepted\" or \"rejected\".\n    at D:\\nqt 5\\viuuu\\Backend\\controllers\\serviceRequestController.js:112:17\n    at D:\\nqt 5\\viuuu\\Backend\\utils\\catchAsync.js:4:13\n    at Layer.handle [as handle_request] (D:\\nqt 5\\viuuu\\Backend\\node_modules\\express\\lib\\router\\layer.js:95:5)\n    at next (D:\\nqt 5\\viuuu\\Backend\\node_modules\\express\\lib\\router\\route.js:149:13)\n    at D:\\nqt 5\\viuuu\\Backend\\middlewares\\auth.js:57:9\n    at D:\\nqt 5\\viuuu\\Backend\\utils\\catchAsync.js:4:13\n    at Layer.handle [as handle_request] (D:\\nqt 5\\viuuu\\Backend\\node_modules\\express\\lib\\router\\layer.js:95:5)\n    at next (D:\\nqt 5\\viuuu\\Backend\\node_modules\\express\\lib\\router\\route.js:149:13)\n    at Route.dispatch (D:\\nqt 5\\viuuu\\Backend\\node_modules\\express\\lib\\router\\route.js:119:3)\n    at Layer.handle [as handle_request] (D:\\nqt 5\\viuuu\\Backend\\node_modules\\express\\lib\\router\\layer.js:95:5)","status":"error","statusCode":400,"timestamp":"2025-05-10T15:31:21.164Z"}
{"isOperational":true,"level":"error","message":"Invalid status provided. Must be \"accepted\" or \"rejected\".","stack":"Error: Invalid status provided. Must be \"accepted\" or \"rejected\".\n    at D:\\nqt 5\\viuuu\\Backend\\controllers\\serviceRequestController.js:112:17\n    at D:\\nqt 5\\viuuu\\Backend\\utils\\catchAsync.js:4:13\n    at Layer.handle [as handle_request] (D:\\nqt 5\\viuuu\\Backend\\node_modules\\express\\lib\\router\\layer.js:95:5)\n    at next (D:\\nqt 5\\viuuu\\Backend\\node_modules\\express\\lib\\router\\route.js:149:13)\n    at D:\\nqt 5\\viuuu\\Backend\\middlewares\\auth.js:57:9\n    at D:\\nqt 5\\viuuu\\Backend\\utils\\catchAsync.js:4:13\n    at Layer.handle [as handle_request] (D:\\nqt 5\\viuuu\\Backend\\node_modules\\express\\lib\\router\\layer.js:95:5)\n    at next (D:\\nqt 5\\viuuu\\Backend\\node_modules\\express\\lib\\router\\route.js:149:13)\n    at Route.dispatch (D:\\nqt 5\\viuuu\\Backend\\node_modules\\express\\lib\\router\\route.js:119:3)\n    at Layer.handle [as handle_request] (D:\\nqt 5\\viuuu\\Backend\\node_modules\\express\\lib\\router\\layer.js:95:5)","status":"error","statusCode":400,"timestamp":"2025-05-10T15:31:23.829Z"}
{"isOperational":true,"level":"error","message":"Invalid status provided. Must be \"accepted\" or \"rejected\".","stack":"Error: Invalid status provided. Must be \"accepted\" or \"rejected\".\n    at D:\\nqt 5\\viuuu\\Backend\\controllers\\serviceRequestController.js:112:17\n    at D:\\nqt 5\\viuuu\\Backend\\utils\\catchAsync.js:4:13\n    at Layer.handle [as handle_request] (D:\\nqt 5\\viuuu\\Backend\\node_modules\\express\\lib\\router\\layer.js:95:5)\n    at next (D:\\nqt 5\\viuuu\\Backend\\node_modules\\express\\lib\\router\\route.js:149:13)\n    at D:\\nqt 5\\viuuu\\Backend\\middlewares\\auth.js:57:9\n    at D:\\nqt 5\\viuuu\\Backend\\utils\\catchAsync.js:4:13\n    at Layer.handle [as handle_request] (D:\\nqt 5\\viuuu\\Backend\\node_modules\\express\\lib\\router\\layer.js:95:5)\n    at next (D:\\nqt 5\\viuuu\\Backend\\node_modules\\express\\lib\\router\\route.js:149:13)\n    at Route.dispatch (D:\\nqt 5\\viuuu\\Backend\\node_modules\\express\\lib\\router\\route.js:119:3)\n    at Layer.handle [as handle_request] (D:\\nqt 5\\viuuu\\Backend\\node_modules\\express\\lib\\router\\layer.js:95:5)","status":"error","statusCode":400,"timestamp":"2025-05-10T15:31:29.321Z"}
{"level":"info","message":"MongoDB connection established","timestamp":"2025-05-10T15:34:25.259Z"}
{"level":"info","message":"MongoDB connection established","timestamp":"2025-05-10T15:34:43.222Z"}
{"isOperational":true,"level":"error","message":"Incorrect email or password","stack":"Error: Incorrect email or password\n    at D:\\nqt 5\\viuuu\\Backend\\controllers\\authController.js:154:17","status":"error","statusCode":401,"timestamp":"2025-05-10T15:35:27.117Z"}
{"level":"info","message":"MongoDB connection established","timestamp":"2025-05-10T15:37:30.823Z"}
{"level":"info","message":"MongoDB connection established","timestamp":"2025-05-10T18:33:25.546Z"}
{"isOperational":true,"level":"error","message":"Please provide email and password","stack":"Error: Please provide email and password\n    at D:\\nqt 5\\viuuu\\Backend\\controllers\\authController.js:147:17\n    at D:\\nqt 5\\viuuu\\Backend\\utils\\catchAsync.js:4:13\n    at Layer.handle [as handle_request] (D:\\nqt 5\\viuuu\\Backend\\node_modules\\express\\lib\\router\\layer.js:95:5)\n    at next (D:\\nqt 5\\viuuu\\Backend\\node_modules\\express\\lib\\router\\route.js:149:13)\n    at Route.dispatch (D:\\nqt 5\\viuuu\\Backend\\node_modules\\express\\lib\\router\\route.js:119:3)\n    at Layer.handle [as handle_request] (D:\\nqt 5\\viuuu\\Backend\\node_modules\\express\\lib\\router\\layer.js:95:5)\n    at D:\\nqt 5\\viuuu\\Backend\\node_modules\\express\\lib\\router\\index.js:284:15\n    at Function.process_params (D:\\nqt 5\\viuuu\\Backend\\node_modules\\express\\lib\\router\\index.js:346:12)\n    at next (D:\\nqt 5\\viuuu\\Backend\\node_modules\\express\\lib\\router\\index.js:280:10)\n    at Function.handle (D:\\nqt 5\\viuuu\\Backend\\node_modules\\express\\lib\\router\\index.js:175:3)","status":"error","statusCode":400,"timestamp":"2025-05-10T18:58:56.938Z"}
{"isOperational":true,"level":"error","message":"Incorrect email or password","stack":"Error: Incorrect email or password\n    at D:\\nqt 5\\viuuu\\Backend\\controllers\\authController.js:154:17","status":"error","statusCode":401,"timestamp":"2025-05-10T19:07:51.862Z"}
{"level":"info","message":"MongoDB connection established","timestamp":"2025-05-10T19:12:50.005Z"}
{"level":"info","message":"MongoDB connection established","timestamp":"2025-05-10T19:26:21.210Z"}
{"level":"info","message":"MongoDB connection established","timestamp":"2025-05-10T19:26:49.415Z"}
{"level":"info","message":"MongoDB connection established","timestamp":"2025-05-10T19:35:59.022Z"}
{"level":"info","message":"MongoDB connection established","timestamp":"2025-05-10T19:36:26.547Z"}
{"level":"info","message":"MongoDB connection established","timestamp":"2025-05-10T20:06:46.832Z"}
{"level":"info","message":"MongoDB connection established","timestamp":"2025-05-10T20:07:12.713Z"}
{"level":"info","message":"MongoDB connection established","timestamp":"2025-05-10T20:07:39.270Z"}
{"level":"info","message":"MongoDB connection established","timestamp":"2025-05-11T09:36:11.130Z"}
{"level":"info","message":"MongoDB connection established","timestamp":"2025-05-11T10:55:52.291Z"}
{"level":"info","message":"MongoDB connection established","timestamp":"2025-05-11T11:07:40.994Z"}
{"isOperational":true,"level":"error","message":"Failed to create Razorpay order.","stack":"Error: Failed to create Razorpay order.\n    at D:\\ThrivePro\\Backend\\controllers\\paymentController.js:199:19\n    at process.processTicksAndRejections (node:internal/process/task_queues:95:5)","status":"error","statusCode":401,"timestamp":"2025-05-11T11:08:09.817Z"}
{"isOperational":true,"level":"error","message":"Failed to create Razorpay order.","stack":"Error: Failed to create Razorpay order.\n    at D:\\ThrivePro\\Backend\\controllers\\paymentController.js:199:19\n    at process.processTicksAndRejections (node:internal/process/task_queues:95:5)","status":"error","statusCode":401,"timestamp":"2025-05-11T11:08:44.463Z"}
{"level":"info","message":"MongoDB connection established","timestamp":"2025-05-11T11:32:59.146Z"}
{"isOperational":true,"level":"error","message":"Bill not found","stack":"Error: Bill not found\n    at D:\\ThrivePro\\Backend\\controllers\\paymentController.js:37:17\n    at process.processTicksAndRejections (node:internal/process/task_queues:95:5)","status":"error","statusCode":400,"timestamp":"2025-05-11T11:47:50.470Z"}
{"level":"info","message":"MongoDB connection established","timestamp":"2025-05-11T11:51:15.819Z"}
{"level":"info","message":"MongoDB connection established","timestamp":"2025-05-11T11:52:48.079Z"}
{"level":"info","message":"MongoDB connection established","timestamp":"2025-05-11T11:53:00.826Z"}
{"isOperational":true,"level":"error","message":"Bill not found","stack":"Error: Bill not found\n    at D:\\ThrivePro\\Backend\\controllers\\paymentController.js:37:17\n    at process.processTicksAndRejections (node:internal/process/task_queues:95:5)","status":"error","statusCode":400,"timestamp":"2025-05-11T11:54:21.933Z"}
{"isOperational":true,"level":"error","message":"Bill not found","stack":"Error: Bill not found\n    at D:\\ThrivePro\\Backend\\controllers\\paymentController.js:37:17\n    at process.processTicksAndRejections (node:internal/process/task_queues:95:5)","status":"error","statusCode":400,"timestamp":"2025-05-11T11:58:00.632Z"}
{"level":"info","message":"MongoDB connection established","timestamp":"2025-05-11T11:59:51.084Z"}
{"isOperational":true,"level":"error","message":"Failed to generate bill for payment. Please try again later.","stack":"Error: Failed to generate bill for payment. Please try again later.\n    at D:\\ThrivePro\\Backend\\controllers\\paymentController.js:52:19\n    at process.processTicksAndRejections (node:internal/process/task_queues:95:5)","status":"error","statusCode":500,"timestamp":"2025-05-11T12:01:09.417Z"}
{"level":"info","message":"MongoDB connection established","timestamp":"2025-05-11T12:01:23.158Z"}
{"isOperational":true,"level":"error","message":"Failed to generate bill for payment. Please try again later.","stack":"Error: Failed to generate bill for payment. Please try again later.\n    at D:\\ThrivePro\\Backend\\controllers\\paymentController.js:52:19\n    at process.processTicksAndRejections (node:internal/process/task_queues:95:5)","status":"error","statusCode":500,"timestamp":"2025-05-11T12:01:23.951Z"}
{"level":"info","message":"MongoDB connection established","timestamp":"2025-05-11T13:40:23.962Z"}
{"isOperational":true,"level":"error","message":"Failed to generate bill for payment. Please try again later.","stack":"Error: Failed to generate bill for payment. Please try again later.\n    at D:\\ThrivePro\\Backend\\controllers\\paymentController.js:52:19\n    at process.processTicksAndRejections (node:internal/process/task_queues:95:5)","status":"error","statusCode":500,"timestamp":"2025-05-11T13:45:23.286Z"}
{"level":"info","message":"MongoDB connection established","timestamp":"2025-05-11T13:55:31.091Z"}
{"level":"info","message":"MongoDB connection established","timestamp":"2025-05-11T13:58:00.146Z"}
{"level":"info","message":"MongoDB connection established","timestamp":"2025-05-11T13:58:19.685Z"}
{"level":"info","message":"MongoDB connection established","timestamp":"2025-05-11T13:59:21.860Z"}
{"isOperational":true,"level":"error","message":"No payment entry found for the bill","stack":"Error: No payment entry found for the bill\n    at D:\\ThrivePro\\Backend\\controllers\\paymentController.js:101:17\n    at process.processTicksAndRejections (node:internal/process/task_queues:95:5)","status":"error","statusCode":400,"timestamp":"2025-05-11T14:00:45.137Z"}
{"level":"info","message":"MongoDB connection established","timestamp":"2025-05-11T14:01:55.679Z"}
{"level":"info","message":"MongoDB connection established","timestamp":"2025-05-11T14:05:26.446Z"}
{"level":"info","message":"MongoDB connection established","timestamp":"2025-05-11T14:09:47.908Z"}
{"isOperational":true,"level":"error","message":"Bill already paid","stack":"Error: Bill already paid\n    at D:\\ThrivePro\\Backend\\controllers\\paymentController.js:61:17\n    at process.processTicksAndRejections (node:internal/process/task_queues:95:5)","status":"error","statusCode":400,"timestamp":"2025-05-11T14:11:02.096Z"}
{"level":"warn","message":"MongoDB connection disconnected","timestamp":"2025-05-11T14:13:32.148Z"}
{"level":"info","message":"MongoDB connection established","timestamp":"2025-05-11T14:13:36.807Z"}
{"level":"info","message":"MongoDB connection established","timestamp":"2025-05-11T14:16:20.114Z"}
{"isOperational":true,"level":"error","message":"Bill already paid","stack":"Error: Bill already paid\n    at D:\\ThrivePro\\Backend\\controllers\\paymentController.js:61:17\n    at process.processTicksAndRejections (node:internal/process/task_queues:95:5)","status":"error","statusCode":400,"timestamp":"2025-05-11T14:24:31.742Z"}
{"isOperational":true,"level":"error","message":"Bill already paid","stack":"Error: Bill already paid\n    at D:\\ThrivePro\\Backend\\controllers\\paymentController.js:61:17\n    at process.processTicksAndRejections (node:internal/process/task_queues:95:5)","status":"error","statusCode":400,"timestamp":"2025-05-11T14:28:31.544Z"}
{"level":"info","message":"MongoDB connection established","timestamp":"2025-05-11T14:57:29.025Z"}
{"level":"info","message":"MongoDB connection established","timestamp":"2025-05-11T14:59:02.555Z"}
{"level":"info","message":"MongoDB connection established","timestamp":"2025-05-11T14:59:58.721Z"}
{"level":"info","message":"MongoDB connection established","timestamp":"2025-05-11T15:02:50.123Z"}
{"level":"info","message":"MongoDB connection established","timestamp":"2025-05-11T15:03:09.400Z"}
{"level":"info","message":"MongoDB connection established","timestamp":"2025-05-11T15:03:19.816Z"}
{"level":"info","message":"MongoDB connection established","timestamp":"2025-05-11T15:03:34.614Z"}
{"level":"info","message":"MongoDB connection established","timestamp":"2025-05-11T15:04:05.084Z"}
{"level":"info","message":"MongoDB connection established","timestamp":"2025-05-11T16:10:11.846Z"}
{"isOperational":true,"level":"error","message":"User already exists with this email","stack":"Error: User already exists with this email\n    at D:\\ThrivePro\\Backend\\controllers\\authController.js:40:17\n    at process.processTicksAndRejections (node:internal/process/task_queues:95:5)","status":"error","statusCode":400,"timestamp":"2025-05-11T16:11:36.793Z"}
{"level":"info","message":"MongoDB connection established","timestamp":"2025-05-11T18:18:39.696Z"}
{"level":"info","message":"MongoDB connection established","timestamp":"2025-05-11T19:37:40.680Z"}
{"level":"info","message":"MongoDB connection established","timestamp":"2025-05-11T20:56:13.243Z"}
{"level":"warn","message":"MongoDB connection disconnected","timestamp":"2025-05-11T21:01:32.827Z"}
{"level":"info","message":"MongoDB connection established","timestamp":"2025-05-12T05:29:12.946Z"}
{"level":"info","message":"MongoDB connection established","timestamp":"2025-05-12T22:13:22.065Z"}
